<?xml version="1.0" encoding="UTF-8"?>
<!-- Generated by org.testng.reporters.JUnitXMLReporter -->
<testsuite ignored="3" hostname="FIC-I7KL93" failures="0" tests="1" name="Default test" time="27.889" errors="0" timestamp="2025-06-05T12:45:38 IST">
  <testcase classname="com.evaa.chatbot.AppointmentCancelTest" name="Enable_cancel_appointment_settings_from_admin" time="24.885"/>
  <testcase classname="com.evaa.chatbot.AppointmentCancelTest" name="Test_appointment_cancel_for_new_patient" time="0.0">
    <ignored/>
  </testcase> <!-- Test_appointment_cancel_for_new_patient -->
  <testcase classname="com.evaa.chatbot.AppointmentCancelTest" name="Test_appointment_cancel_for_existing_patient" time="0.0">
    <ignored/>
  </testcase> <!-- Test_appointment_cancel_for_existing_patient -->
  <testcase classname="com.evaa.chatbot.AppointmentCancelTest" name="Test_book_appointment_without_insurance" time="0.0">
    <ignored/>
  </testcase> <!-- Test_book_appointment_without_insurance -->
</testsuite> <!-- Default test -->
