<?xml version="1.0" encoding="UTF-8"?>
<!-- Generated by org.testng.reporters.JUnitXMLReporter -->
<testsuite ignored="2" hostname="FIC-I7KL93" failures="2" tests="4" name="Test" time="264.498" errors="0" timestamp="2025-05-27T11:00:14 IST">
  <testcase classname="com.evaa.chatbot.bookappointment.BookAppointmentWithInsuranceTest" name="Enable_ensurance_required_from_admin" time="20.201"/>
  <testcase classname="com.evaa.chatbot.bookappointment.BookAppointmentWithInsuranceTest" name="Test_book_appointment_with_insurance" time="111.418">
    <failure type="org.openqa.selenium.TimeoutException" message="Expected condition failed: waiting for visibility of element located by By.id: insuranceCN (tried for 70 second(s) with 500 milliseconds interval)
Build info: version: &amp;apos;4.1.4&amp;apos;, revision: &amp;apos;535d840ee2&amp;apos;
System info: host: &amp;apos;FIC-I7KL93&amp;apos;, ip: &amp;apos;172.19.2.119&amp;apos;, os.name: &amp;apos;Windows 10&amp;apos;, os.arch: &amp;apos;amd64&amp;apos;, os.version: &amp;apos;10.0&amp;apos;, java.version: &amp;apos;21.0.6&amp;apos;
Driver info: org.openqa.selenium.chrome.ChromeDriver
Capabilities {acceptInsecureCerts: false, browserName: chrome, browserVersion: 137.0.7151.41, chrome: {chromedriverVersion: 137.0.7151.40 (84781974514a..., userDataDir: C:\Users\Satish_G\AppData\L...}, fedcm:accounts: true, goog:chromeOptions: {debuggerAddress: localhost:54128}, javascriptEnabled: true, networkConnectionEnabled: false, pageLoadStrategy: normal, platform: WINDOWS, platformName: WINDOWS, proxy: Proxy(), se:cdp: ws://localhost:54128/devtoo..., se:cdpVersion: 137.0.7151.41, setWindowRect: true, strictFileInteractability: false, timeouts: {implicit: 0, pageLoad: 300000, script: 30000}, unhandledPromptBehavior: dismiss and notify, webauthn:extension:credBlob: true, webauthn:extension:largeBlob: true, webauthn:extension:minPinLength: true, webauthn:extension:prf: true, webauthn:virtualAuthenticators: true}
Session ID: 30220279c9e43cab33a7a8d0424ed395">
      <![CDATA[org.openqa.selenium.TimeoutException: Expected condition failed: waiting for visibility of element located by By.id: insuranceCN (tried for 70 second(s) with 500 milliseconds interval)
Build info: version: '4.1.4', revision: '535d840ee2'
System info: host: 'FIC-I7KL93', ip: '172.19.2.119', os.name: 'Windows 10', os.arch: 'amd64', os.version: '10.0', java.version: '21.0.6'
Driver info: org.openqa.selenium.chrome.ChromeDriver
Capabilities {acceptInsecureCerts: false, browserName: chrome, browserVersion: 137.0.7151.41, chrome: {chromedriverVersion: 137.0.7151.40 (84781974514a..., userDataDir: C:\Users\Satish_G\AppData\L...}, fedcm:accounts: true, goog:chromeOptions: {debuggerAddress: localhost:54128}, javascriptEnabled: true, networkConnectionEnabled: false, pageLoadStrategy: normal, platform: WINDOWS, platformName: WINDOWS, proxy: Proxy(), se:cdp: ws://localhost:54128/devtoo..., se:cdpVersion: 137.0.7151.41, setWindowRect: true, strictFileInteractability: false, timeouts: {implicit: 0, pageLoad: 300000, script: 30000}, unhandledPromptBehavior: dismiss and notify, webauthn:extension:credBlob: true, webauthn:extension:largeBlob: true, webauthn:extension:minPinLength: true, webauthn:extension:prf: true, webauthn:virtualAuthenticators: true}
Session ID: 30220279c9e43cab33a7a8d0424ed395
at org.openqa.selenium.support.ui.WebDriverWait.timeoutException(WebDriverWait.java:87)
at org.openqa.selenium.support.ui.FluentWait.until(FluentWait.java:231)
at com.evaa.chatbot.bookappointment.BookAppointmentWithInsuranceTest.fillInsuranceDetails(BookAppointmentWithInsuranceTest.java:116)
at com.evaa.chatbot.bookappointment.BookAppointmentWithInsuranceTest.Test_book_appointment_with_insurance(BookAppointmentWithInsuranceTest.java:102)
at java.base/java.util.ArrayList.forEach(ArrayList.java:1596)
... Removed 25 stack frames]]>
    </failure>
  </testcase> <!-- Test_book_appointment_with_insurance -->
  <testcase classname="com.evaa.chatbot.bookappointment.book_appointment_suceessfuly" name="Disable_ensurance_required_from_admin" time="21.031"/>
  <testcase classname="com.evaa.chatbot.bookappointment.book_appointment_suceessfuly" name="Test_book_appointment_without_insurance" time="107.138">
    <failure type="org.openqa.selenium.TimeoutException" message="Expected condition failed: waiting for element to be clickable: By.xpath: (//div[@class=&amp;apos;pr-4 pl-4&amp;apos;]//div[@class=&amp;apos;v-select__slot&amp;apos;])[1] (tried for 70 second(s) with 500 milliseconds interval)
Build info: version: &amp;apos;4.1.4&amp;apos;, revision: &amp;apos;535d840ee2&amp;apos;
System info: host: &amp;apos;FIC-I7KL93&amp;apos;, ip: &amp;apos;172.19.2.119&amp;apos;, os.name: &amp;apos;Windows 10&amp;apos;, os.arch: &amp;apos;amd64&amp;apos;, os.version: &amp;apos;10.0&amp;apos;, java.version: &amp;apos;21.0.6&amp;apos;
Driver info: org.openqa.selenium.chrome.ChromeDriver
Capabilities {acceptInsecureCerts: false, browserName: chrome, browserVersion: 137.0.7151.41, chrome: {chromedriverVersion: 137.0.7151.40 (84781974514a..., userDataDir: C:\Users\Satish_G\AppData\L...}, fedcm:accounts: true, goog:chromeOptions: {debuggerAddress: localhost:54417}, javascriptEnabled: true, networkConnectionEnabled: false, pageLoadStrategy: normal, platform: WINDOWS, platformName: WINDOWS, proxy: Proxy(), se:cdp: ws://localhost:54417/devtoo..., se:cdpVersion: 137.0.7151.41, setWindowRect: true, strictFileInteractability: false, timeouts: {implicit: 0, pageLoad: 300000, script: 30000}, unhandledPromptBehavior: dismiss and notify, webauthn:extension:credBlob: true, webauthn:extension:largeBlob: true, webauthn:extension:minPinLength: true, webauthn:extension:prf: true, webauthn:virtualAuthenticators: true}
Session ID: b8a06837e3068e3589365a325bf0eb87">
      <![CDATA[org.openqa.selenium.TimeoutException: Expected condition failed: waiting for element to be clickable: By.xpath: (//div[@class='pr-4 pl-4']//div[@class='v-select__slot'])[1] (tried for 70 second(s) with 500 milliseconds interval)
Build info: version: '4.1.4', revision: '535d840ee2'
System info: host: 'FIC-I7KL93', ip: '172.19.2.119', os.name: 'Windows 10', os.arch: 'amd64', os.version: '10.0', java.version: '21.0.6'
Driver info: org.openqa.selenium.chrome.ChromeDriver
Capabilities {acceptInsecureCerts: false, browserName: chrome, browserVersion: 137.0.7151.41, chrome: {chromedriverVersion: 137.0.7151.40 (84781974514a..., userDataDir: C:\Users\Satish_G\AppData\L...}, fedcm:accounts: true, goog:chromeOptions: {debuggerAddress: localhost:54417}, javascriptEnabled: true, networkConnectionEnabled: false, pageLoadStrategy: normal, platform: WINDOWS, platformName: WINDOWS, proxy: Proxy(), se:cdp: ws://localhost:54417/devtoo..., se:cdpVersion: 137.0.7151.41, setWindowRect: true, strictFileInteractability: false, timeouts: {implicit: 0, pageLoad: 300000, script: 30000}, unhandledPromptBehavior: dismiss and notify, webauthn:extension:credBlob: true, webauthn:extension:largeBlob: true, webauthn:extension:minPinLength: true, webauthn:extension:prf: true, webauthn:virtualAuthenticators: true}
Session ID: b8a06837e3068e3589365a325bf0eb87
at org.openqa.selenium.support.ui.WebDriverWait.timeoutException(WebDriverWait.java:87)
at org.openqa.selenium.support.ui.FluentWait.until(FluentWait.java:231)
at com.evaa.chatbot.bookappointment.book_appointment_suceessfuly.fillAppointmentDetails(book_appointment_suceessfuly.java:193)
at com.evaa.chatbot.bookappointment.book_appointment_suceessfuly.Test_book_appointment_without_insurance(book_appointment_suceessfuly.java:103)
at java.base/java.util.ArrayList.forEach(ArrayList.java:1596)
... Removed 25 stack frames]]>
    </failure>
  </testcase> <!-- Test_book_appointment_without_insurance -->
  <testcase classname="com.evaa.chatbot.bookappointment.book_appointment_suceessfuly" name="verify_detail_on_maximeyes_site" time="0.0">
    <ignored/>
  </testcase> <!-- verify_detail_on_maximeyes_site -->
  <testcase classname="com.evaa.chatbot.bookappointment.BookAppointmentWithInsuranceTest" name="verify_detail_on_maximeyes_site" time="0.0">
    <ignored/>
  </testcase> <!-- verify_detail_on_maximeyes_site -->
</testsuite> <!-- Test -->
