<?xml version="1.0" encoding="UTF-8"?>
<!-- Generated by org.testng.reporters.JUnitXMLReporter -->
<testsuite ignored="2" hostname="FIC-I7KL93" failures="1" tests="4" name="Test" time="246.313" errors="0" timestamp="2025-05-23T17:55:53 IST">
  <testcase classname="com.evaa.chatbot.bookappointment.Book_appointment_with_insurance_Test" name="Enable_ensurance_required_from_admin" time="31.507"/>
  <testcase classname="com.evaa.chatbot.bookappointment.Book_appointment_with_insurance_Test" name="verify_detail_on_maximeyes_site" time="133.403">
    <failure type="org.openqa.selenium.TimeoutException" message="Expected condition failed: waiting for visibility of element located by By.xpath: //input[@id=&amp;apos;FirstName&amp;apos;] (tried for 70 second(s) with 500 milliseconds interval)
Build info: version: &amp;apos;4.1.4&amp;apos;, revision: &amp;apos;535d840ee2&amp;apos;
System info: host: &amp;apos;FIC-I7KL93&amp;apos;, ip: &amp;apos;172.19.2.119&amp;apos;, os.name: &amp;apos;Windows 10&amp;apos;, os.arch: &amp;apos;amd64&amp;apos;, os.version: &amp;apos;10.0&amp;apos;, java.version: &amp;apos;21.0.6&amp;apos;
Driver info: org.openqa.selenium.chrome.ChromeDriver
Capabilities {acceptInsecureCerts: false, browserName: chrome, browserVersion: 136.0.7103.114, chrome: {chromedriverVersion: 136.0.7103.113 (76fa3c17824..., userDataDir: C:\Users\Satish_G\AppData\L...}, fedcm:accounts: true, goog:chromeOptions: {debuggerAddress: localhost:63161}, javascriptEnabled: true, networkConnectionEnabled: false, pageLoadStrategy: normal, platform: WINDOWS, platformName: WINDOWS, proxy: Proxy(), se:cdp: ws://localhost:63161/devtoo..., se:cdpVersion: 136.0.7103.114, setWindowRect: true, strictFileInteractability: false, timeouts: {implicit: 0, pageLoad: 300000, script: 30000}, unhandledPromptBehavior: dismiss and notify, webauthn:extension:credBlob: true, webauthn:extension:largeBlob: true, webauthn:extension:minPinLength: true, webauthn:extension:prf: true, webauthn:virtualAuthenticators: true}
Session ID: bcbeb8881c11b92f43992c1cfde66aed">
      <![CDATA[org.openqa.selenium.TimeoutException: Expected condition failed: waiting for visibility of element located by By.xpath: //input[@id='FirstName'] (tried for 70 second(s) with 500 milliseconds interval)
Build info: version: '4.1.4', revision: '535d840ee2'
System info: host: 'FIC-I7KL93', ip: '172.19.2.119', os.name: 'Windows 10', os.arch: 'amd64', os.version: '10.0', java.version: '21.0.6'
Driver info: org.openqa.selenium.chrome.ChromeDriver
Capabilities {acceptInsecureCerts: false, browserName: chrome, browserVersion: 136.0.7103.114, chrome: {chromedriverVersion: 136.0.7103.113 (76fa3c17824..., userDataDir: C:\Users\Satish_G\AppData\L...}, fedcm:accounts: true, goog:chromeOptions: {debuggerAddress: localhost:63161}, javascriptEnabled: true, networkConnectionEnabled: false, pageLoadStrategy: normal, platform: WINDOWS, platformName: WINDOWS, proxy: Proxy(), se:cdp: ws://localhost:63161/devtoo..., se:cdpVersion: 136.0.7103.114, setWindowRect: true, strictFileInteractability: false, timeouts: {implicit: 0, pageLoad: 300000, script: 30000}, unhandledPromptBehavior: dismiss and notify, webauthn:extension:credBlob: true, webauthn:extension:largeBlob: true, webauthn:extension:minPinLength: true, webauthn:extension:prf: true, webauthn:virtualAuthenticators: true}
Session ID: bcbeb8881c11b92f43992c1cfde66aed
at org.openqa.selenium.support.ui.WebDriverWait.timeoutException(WebDriverWait.java:87)
at org.openqa.selenium.support.ui.FluentWait.until(FluentWait.java:231)
at com.evaa.chatbot.bookappointment.Book_appointment_with_insurance_Test.verify_detail_on_maximeyes_site(Book_appointment_with_insurance_Test.java:170)
at java.base/java.util.ArrayList.forEach(ArrayList.java:1596)
... Removed 25 stack frames]]>
    </failure>
  </testcase> <!-- verify_detail_on_maximeyes_site -->
  <testcase classname="com.evaa.chatbot.bookappointment.book_appointment_suceessfuly" name="Disable_ensurance_required_from_admin" time="24.054"/>
  <testcase classname="com.evaa.chatbot.bookappointment.book_appointment_suceessfuly" name="Test_book_appointment_without_insurance" time="52.985"/>
  <testcase classname="com.evaa.chatbot.bookappointment.Book_appointment_with_insurance_Test" name="Test_book_appointment_with_insurance" time="0.0">
    <ignored/>
  </testcase> <!-- Test_book_appointment_with_insurance -->
  <testcase classname="com.evaa.chatbot.bookappointment.book_appointment_suceessfuly" name="verify_detail_on_maximeyes_site" time="0.0">
    <ignored/>
  </testcase> <!-- verify_detail_on_maximeyes_site -->
</testsuite> <!-- Test -->
