<?xml version="1.0" encoding="UTF-8"?>
<testng-results ignored="3" total="4" passed="1" failed="0" skipped="0">
  <reporter-output>
  </reporter-output>
  <suite started-at="2025-06-05T12:45:10 IST" name="Default suite" finished-at="2025-06-05T12:45:38 IST" duration-ms="27889">
    <groups>
    </groups>
    <test started-at="2025-06-05T12:45:10 IST" name="Default test" finished-at="2025-06-05T12:45:38 IST" duration-ms="27889">
      <class name="com.evaa.chatbot.AppointmentCancelTest">
        <test-method is-config="true" signature="startBrowser()[pri:0, instance:com.evaa.chatbot.AppointmentCancelTest@61ecbee9]" started-at="2025-06-05T12:45:10 IST" name="startBrowser" finished-at="2025-06-05T12:45:13 IST" duration-ms="2097" status="PASS">
          <reporter-output>
          </reporter-output>
        </test-method> <!-- startBrowser -->
        <test-method is-config="true" signature="setUp(java.lang.reflect.Method)[pri:0, instance:com.evaa.chatbot.AppointmentCancelTest@61ecbee9]" started-at="2025-06-05T12:45:13 IST" name="setUp" finished-at="2025-06-05T12:45:13 IST" duration-ms="8" status="PASS">
          <params>
            <param index="0">
              <value>
                <![CDATA[public void com.evaa.chatbot.AppointmentCancelTest.Enable_cancel_appointment_settings_from_admin() throws java.lang.Exception]]>
              </value>
            </param>
          </params>
          <reporter-output>
          </reporter-output>
        </test-method> <!-- setUp -->
        <test-method signature="Enable_cancel_appointment_settings_from_admin()[pri:1, instance:com.evaa.chatbot.AppointmentCancelTest@61ecbee9]" started-at="2025-06-05T12:45:13 IST" name="Enable_cancel_appointment_settings_from_admin" finished-at="2025-06-05T12:45:37 IST" duration-ms="24885" status="PASS">
          <reporter-output>
          </reporter-output>
        </test-method> <!-- Enable_cancel_appointment_settings_from_admin -->
        <test-method is-config="true" signature="tearDown(org.testng.ITestResult)[pri:0, instance:com.evaa.chatbot.AppointmentCancelTest@61ecbee9]" started-at="2025-06-05T12:45:37 IST" name="tearDown" finished-at="2025-06-05T12:45:37 IST" duration-ms="3" status="PASS">
          <params>
            <param index="0">
              <value>
                <![CDATA[[TestResult name=Enable_cancel_appointment_settings_from_admin status=SUCCESS method=AppointmentCancelTest.Enable_cancel_appointment_settings_from_admin()[pri:1, instance:com.evaa.chatbot.AppointmentCancelTest@61ecbee9] output={null}]]]>
              </value>
            </param>
          </params>
          <reporter-output>
          </reporter-output>
        </test-method> <!-- tearDown -->
        <test-method is-config="true" signature="closeBrowser()[pri:0, instance:com.evaa.chatbot.AppointmentCancelTest@61ecbee9]" started-at="2025-06-05T12:45:37 IST" name="closeBrowser" finished-at="2025-06-05T12:45:38 IST" duration-ms="872" status="PASS">
          <reporter-output>
          </reporter-output>
        </test-method> <!-- closeBrowser -->
      </class> <!-- com.evaa.chatbot.AppointmentCancelTest -->
    </test> <!-- Default test -->
  </suite> <!-- Default suite -->
</testng-results>
