<?xml version="1.0" encoding="UTF-8"?>
<testng-results ignored="4" total="5" passed="1" failed="0" skipped="0">
  <reporter-output>
  </reporter-output>
  <suite started-at="2025-06-12T11:07:25 IST" name="Default suite" finished-at="2025-06-12T11:08:46 IST" duration-ms="81076">
    <groups>
    </groups>
    <test started-at="2025-06-12T11:07:25 IST" name="Default test" finished-at="2025-06-12T11:08:46 IST" duration-ms="81076">
      <class name="com.evaa.chatbot.SendTranscriptionTest">
        <test-method is-config="true" signature="cleanScreenshotFolder()[pri:0, instance:com.evaa.chatbot.SendTranscriptionTest@3472947a]" started-at="2025-06-12T11:07:25 IST" name="cleanScreenshotFolder" finished-at="2025-06-12T11:07:25 IST" duration-ms="19" status="PASS">
          <reporter-output>
          </reporter-output>
        </test-method> <!-- cleanScreenshotFolder -->
        <test-method is-config="true" signature="startBrowser()[pri:0, instance:com.evaa.chatbot.SendTranscriptionTest@3472947a]" started-at="2025-06-12T11:07:25 IST" name="startBrowser" finished-at="2025-06-12T11:07:27 IST" duration-ms="2272" status="PASS">
          <reporter-output>
          </reporter-output>
        </test-method> <!-- startBrowser -->
        <test-method is-config="true" signature="setUp(java.lang.reflect.Method)[pri:0, instance:com.evaa.chatbot.SendTranscriptionTest@3472947a]" started-at="2025-06-12T11:07:27 IST" name="setUp" finished-at="2025-06-12T11:07:27 IST" duration-ms="5" status="PASS">
          <params>
            <param index="0">
              <value>
                <![CDATA[public void com.evaa.chatbot.SendTranscriptionTest.Test_send_transcription_is_working() throws java.lang.Exception]]>
              </value>
            </param>
          </params>
          <reporter-output>
          </reporter-output>
        </test-method> <!-- setUp -->
        <test-method signature="Test_send_transcription_is_working()[pri:3, instance:com.evaa.chatbot.SendTranscriptionTest@3472947a]" started-at="2025-06-12T11:07:27 IST" name="Test_send_transcription_is_working" finished-at="2025-06-12T11:08:45 IST" duration-ms="77708" status="PASS">
          <reporter-output>
          </reporter-output>
        </test-method> <!-- Test_send_transcription_is_working -->
        <test-method is-config="true" signature="tearDown(org.testng.ITestResult)[pri:0, instance:com.evaa.chatbot.SendTranscriptionTest@3472947a]" started-at="2025-06-12T11:08:45 IST" name="tearDown" finished-at="2025-06-12T11:08:45 IST" duration-ms="3" status="PASS">
          <params>
            <param index="0">
              <value>
                <![CDATA[[TestResult name=Test_send_transcription_is_working status=SUCCESS method=SendTranscriptionTest.Test_send_transcription_is_working()[pri:3, instance:com.evaa.chatbot.SendTranscriptionTest@3472947a] output={null}]]]>
              </value>
            </param>
          </params>
          <reporter-output>
          </reporter-output>
        </test-method> <!-- tearDown -->
        <test-method is-config="true" signature="closeBrowser()[pri:0, instance:com.evaa.chatbot.SendTranscriptionTest@3472947a]" started-at="2025-06-12T11:08:45 IST" name="closeBrowser" finished-at="2025-06-12T11:08:46 IST" duration-ms="994" status="PASS">
          <reporter-output>
          </reporter-output>
        </test-method> <!-- closeBrowser -->
      </class> <!-- com.evaa.chatbot.SendTranscriptionTest -->
    </test> <!-- Default test -->
  </suite> <!-- Default suite -->
</testng-results>
