<?xml version="1.0" encoding="UTF-8"?>
<testng-results ignored="3" total="4" passed="1" failed="0" skipped="0">
  <reporter-output>
  </reporter-output>
  <suite started-at="2025-06-23T13:13:56 IST" name="Default suite" finished-at="2025-06-23T13:14:51 IST" duration-ms="55476">
    <groups>
    </groups>
    <test started-at="2025-06-23T13:13:56 IST" name="Default test" finished-at="2025-06-23T13:14:51 IST" duration-ms="55476">
      <class name="com.evaa.chatbot.BookAppointmentSuccessfullyTest">
        <test-method is-config="true" signature="cleanScreenshotFolder()[pri:0, instance:com.evaa.chatbot.BookAppointmentSuccessfullyTest@6215366a]" started-at="2025-06-23T13:13:56 IST" name="cleanScreenshotFolder" finished-at="2025-06-23T13:13:56 IST" duration-ms="20" status="PASS">
          <reporter-output>
          </reporter-output>
        </test-method> <!-- cleanScreenshotFolder -->
        <test-method is-config="true" signature="startBrowser()[pri:0, instance:com.evaa.chatbot.BookAppointmentSuccessfullyTest@6215366a]" started-at="2025-06-23T13:13:56 IST" name="startBrowser" finished-at="2025-06-23T13:13:58 IST" duration-ms="2163" status="PASS">
          <reporter-output>
          </reporter-output>
        </test-method> <!-- startBrowser -->
        <test-method signature="Test_book_appointment_without_insurance()[pri:2, instance:com.evaa.chatbot.BookAppointmentSuccessfullyTest@6215366a]" started-at="2025-06-23T13:13:58 IST" name="Test_book_appointment_without_insurance" finished-at="2025-06-23T13:14:50 IST" duration-ms="52192" status="PASS">
          <reporter-output>
          </reporter-output>
        </test-method> <!-- Test_book_appointment_without_insurance -->
        <test-method is-config="true" signature="closeBrowser()[pri:0, instance:com.evaa.chatbot.BookAppointmentSuccessfullyTest@6215366a]" started-at="2025-06-23T13:14:50 IST" name="closeBrowser" finished-at="2025-06-23T13:14:51 IST" duration-ms="1005" status="PASS">
          <reporter-output>
          </reporter-output>
        </test-method> <!-- closeBrowser -->
      </class> <!-- com.evaa.chatbot.BookAppointmentSuccessfullyTest -->
    </test> <!-- Default test -->
  </suite> <!-- Default suite -->
</testng-results>
