<?xml version="1.0" encoding="UTF-8"?>
<testng-results ignored="2" total="6" passed="3" failed="1" skipped="0">
  <reporter-output>
  </reporter-output>
  <suite started-at="2025-05-23T17:51:46 IST" name="Suite" finished-at="2025-05-23T17:55:53 IST" duration-ms="246313">
    <groups>
    </groups>
    <test started-at="2025-05-23T17:51:46 IST" name="Test" finished-at="2025-05-23T17:55:53 IST" duration-ms="246313">
      <class name="com.evaa.chatbot.bookappointment.book_appointment_suceessfuly">
        <test-method is-config="true" signature="startBrowser()[pri:0, instance:com.evaa.chatbot.bookappointment.book_appointment_suceessfuly@5a14e60d]" started-at="2025-05-23T17:54:34 IST" name="startBrowser" finished-at="2025-05-23T17:54:35 IST" duration-ms="933" status="PASS">
          <reporter-output>
          </reporter-output>
        </test-method> <!-- startBrowser -->
        <test-method is-config="true" signature="setUp(java.lang.reflect.Method)[pri:0, instance:com.evaa.chatbot.bookappointment.book_appointment_suceessfuly@5a14e60d]" started-at="2025-05-23T17:54:35 IST" name="setUp" finished-at="2025-05-23T17:54:35 IST" duration-ms="0" status="PASS">
          <params>
            <param index="0">
              <value>
                <![CDATA[public void com.evaa.chatbot.bookappointment.book_appointment_suceessfuly.Disable_ensurance_required_from_admin() throws java.lang.Exception]]>
              </value>
            </param>
          </params>
          <reporter-output>
          </reporter-output>
        </test-method> <!-- setUp -->
        <test-method signature="Disable_ensurance_required_from_admin()[pri:1, instance:com.evaa.chatbot.bookappointment.book_appointment_suceessfuly@5a14e60d]" started-at="2025-05-23T17:54:35 IST" name="Disable_ensurance_required_from_admin" finished-at="2025-05-23T17:54:59 IST" duration-ms="24054" status="PASS">
          <reporter-output>
          </reporter-output>
        </test-method> <!-- Disable_ensurance_required_from_admin -->
        <test-method is-config="true" signature="tearDown(org.testng.ITestResult)[pri:0, instance:com.evaa.chatbot.bookappointment.book_appointment_suceessfuly@5a14e60d]" started-at="2025-05-23T17:54:59 IST" name="tearDown" finished-at="2025-05-23T17:54:59 IST" duration-ms="1" status="PASS">
          <params>
            <param index="0">
              <value>
                <![CDATA[[TestResult name=Disable_ensurance_required_from_admin status=SUCCESS method=book_appointment_suceessfuly.Disable_ensurance_required_from_admin()[pri:1, instance:com.evaa.chatbot.bookappointment.book_appointment_suceessfuly@5a14e60d] output={null}]]]>
              </value>
            </param>
          </params>
          <reporter-output>
          </reporter-output>
        </test-method> <!-- tearDown -->
        <test-method signature="Test_book_appointment_without_insurance()[pri:2, instance:com.evaa.chatbot.bookappointment.book_appointment_suceessfuly@5a14e60d]" started-at="2025-05-23T17:54:59 IST" name="Test_book_appointment_without_insurance" finished-at="2025-05-23T17:55:52 IST" duration-ms="52985" status="PASS">
          <reporter-output>
          </reporter-output>
        </test-method> <!-- Test_book_appointment_without_insurance -->
        <test-method is-config="true" signature="setUp(java.lang.reflect.Method)[pri:0, instance:com.evaa.chatbot.bookappointment.book_appointment_suceessfuly@5a14e60d]" started-at="2025-05-23T17:54:59 IST" name="setUp" finished-at="2025-05-23T17:54:59 IST" duration-ms="0" status="PASS">
          <params>
            <param index="0">
              <value>
                <![CDATA[public void com.evaa.chatbot.bookappointment.book_appointment_suceessfuly.Test_book_appointment_without_insurance() throws java.lang.Exception]]>
              </value>
            </param>
          </params>
          <reporter-output>
          </reporter-output>
        </test-method> <!-- setUp -->
        <test-method is-config="true" signature="tearDown(org.testng.ITestResult)[pri:0, instance:com.evaa.chatbot.bookappointment.book_appointment_suceessfuly@5a14e60d]" started-at="2025-05-23T17:55:52 IST" name="tearDown" finished-at="2025-05-23T17:55:52 IST" duration-ms="0" status="PASS">
          <params>
            <param index="0">
              <value>
                <![CDATA[[TestResult name=Test_book_appointment_without_insurance status=SUCCESS method=book_appointment_suceessfuly.Test_book_appointment_without_insurance()[pri:2, instance:com.evaa.chatbot.bookappointment.book_appointment_suceessfuly@5a14e60d] output={null}]]]>
              </value>
            </param>
          </params>
          <reporter-output>
          </reporter-output>
        </test-method> <!-- tearDown -->
        <test-method is-config="true" signature="closeBrowser()[pri:0, instance:com.evaa.chatbot.bookappointment.book_appointment_suceessfuly@5a14e60d]" started-at="2025-05-23T17:55:52 IST" name="closeBrowser" finished-at="2025-05-23T17:55:53 IST" duration-ms="397" status="PASS">
          <reporter-output>
          </reporter-output>
        </test-method> <!-- closeBrowser -->
      </class> <!-- com.evaa.chatbot.bookappointment.book_appointment_suceessfuly -->
      <class name="com.evaa.chatbot.bookappointment.Book_appointment_with_insurance_Test">
        <test-method is-config="true" signature="startBrowser()[pri:0, instance:com.evaa.chatbot.bookappointment.Book_appointment_with_insurance_Test@1046498a]" started-at="2025-05-23T17:51:46 IST" name="startBrowser" finished-at="2025-05-23T17:51:48 IST" duration-ms="2006" status="PASS">
          <reporter-output>
          </reporter-output>
        </test-method> <!-- startBrowser -->
        <test-method is-config="true" signature="setUp(java.lang.reflect.Method)[pri:0, instance:com.evaa.chatbot.bookappointment.Book_appointment_with_insurance_Test@1046498a]" started-at="2025-05-23T17:51:48 IST" name="setUp" finished-at="2025-05-23T17:51:48 IST" duration-ms="3" status="PASS">
          <params>
            <param index="0">
              <value>
                <![CDATA[public void com.evaa.chatbot.bookappointment.Book_appointment_with_insurance_Test.Enable_ensurance_required_from_admin() throws java.lang.Exception]]>
              </value>
            </param>
          </params>
          <reporter-output>
          </reporter-output>
        </test-method> <!-- setUp -->
        <test-method signature="Enable_ensurance_required_from_admin()[pri:1, instance:com.evaa.chatbot.bookappointment.Book_appointment_with_insurance_Test@1046498a]" started-at="2025-05-23T17:51:48 IST" name="Enable_ensurance_required_from_admin" finished-at="2025-05-23T17:52:20 IST" duration-ms="31507" status="PASS">
          <reporter-output>
          </reporter-output>
        </test-method> <!-- Enable_ensurance_required_from_admin -->
        <test-method is-config="true" signature="tearDown(org.testng.ITestResult)[pri:0, instance:com.evaa.chatbot.bookappointment.Book_appointment_with_insurance_Test@1046498a]" started-at="2025-05-23T17:52:20 IST" name="tearDown" finished-at="2025-05-23T17:52:20 IST" duration-ms="5" status="PASS">
          <params>
            <param index="0">
              <value>
                <![CDATA[[TestResult name=Enable_ensurance_required_from_admin status=SUCCESS method=Book_appointment_with_insurance_Test.Enable_ensurance_required_from_admin()[pri:1, instance:com.evaa.chatbot.bookappointment.Book_appointment_with_insurance_Test@1046498a] output={null}]]]>
              </value>
            </param>
          </params>
          <reporter-output>
          </reporter-output>
        </test-method> <!-- tearDown -->
        <test-method is-config="true" signature="setUp(java.lang.reflect.Method)[pri:0, instance:com.evaa.chatbot.bookappointment.Book_appointment_with_insurance_Test@1046498a]" started-at="2025-05-23T17:52:20 IST" name="setUp" finished-at="2025-05-23T17:52:20 IST" duration-ms="0" status="PASS">
          <params>
            <param index="0">
              <value>
                <![CDATA[public void com.evaa.chatbot.bookappointment.Book_appointment_with_insurance_Test.verify_detail_on_maximeyes_site() throws java.lang.Exception]]>
              </value>
            </param>
          </params>
          <reporter-output>
          </reporter-output>
        </test-method> <!-- setUp -->
        <test-method signature="verify_detail_on_maximeyes_site()[pri:3, instance:com.evaa.chatbot.bookappointment.Book_appointment_with_insurance_Test@1046498a]" started-at="2025-05-23T17:52:20 IST" name="verify_detail_on_maximeyes_site" finished-at="2025-05-23T17:54:33 IST" duration-ms="133403" status="FAIL">
          <exception class="org.openqa.selenium.TimeoutException">
            <message>
              <![CDATA[Expected condition failed: waiting for visibility of element located by By.xpath: //input[@id='FirstName'] (tried for 70 second(s) with 500 milliseconds interval)
Build info: version: '4.1.4', revision: '535d840ee2'
System info: host: 'FIC-I7KL93', ip: '172.19.2.119', os.name: 'Windows 10', os.arch: 'amd64', os.version: '10.0', java.version: '21.0.6'
Driver info: org.openqa.selenium.chrome.ChromeDriver
Capabilities {acceptInsecureCerts: false, browserName: chrome, browserVersion: 136.0.7103.114, chrome: {chromedriverVersion: 136.0.7103.113 (76fa3c17824..., userDataDir: C:\Users\Satish_G\AppData\L...}, fedcm:accounts: true, goog:chromeOptions: {debuggerAddress: localhost:63161}, javascriptEnabled: true, networkConnectionEnabled: false, pageLoadStrategy: normal, platform: WINDOWS, platformName: WINDOWS, proxy: Proxy(), se:cdp: ws://localhost:63161/devtoo..., se:cdpVersion: 136.0.7103.114, setWindowRect: true, strictFileInteractability: false, timeouts: {implicit: 0, pageLoad: 300000, script: 30000}, unhandledPromptBehavior: dismiss and notify, webauthn:extension:credBlob: true, webauthn:extension:largeBlob: true, webauthn:extension:minPinLength: true, webauthn:extension:prf: true, webauthn:virtualAuthenticators: true}
Session ID: bcbeb8881c11b92f43992c1cfde66aed]]>
            </message>
            <full-stacktrace>
              <![CDATA[org.openqa.selenium.TimeoutException: Expected condition failed: waiting for visibility of element located by By.xpath: //input[@id='FirstName'] (tried for 70 second(s) with 500 milliseconds interval)
Build info: version: '4.1.4', revision: '535d840ee2'
System info: host: 'FIC-I7KL93', ip: '172.19.2.119', os.name: 'Windows 10', os.arch: 'amd64', os.version: '10.0', java.version: '21.0.6'
Driver info: org.openqa.selenium.chrome.ChromeDriver
Capabilities {acceptInsecureCerts: false, browserName: chrome, browserVersion: 136.0.7103.114, chrome: {chromedriverVersion: 136.0.7103.113 (76fa3c17824..., userDataDir: C:\Users\Satish_G\AppData\L...}, fedcm:accounts: true, goog:chromeOptions: {debuggerAddress: localhost:63161}, javascriptEnabled: true, networkConnectionEnabled: false, pageLoadStrategy: normal, platform: WINDOWS, platformName: WINDOWS, proxy: Proxy(), se:cdp: ws://localhost:63161/devtoo..., se:cdpVersion: 136.0.7103.114, setWindowRect: true, strictFileInteractability: false, timeouts: {implicit: 0, pageLoad: 300000, script: 30000}, unhandledPromptBehavior: dismiss and notify, webauthn:extension:credBlob: true, webauthn:extension:largeBlob: true, webauthn:extension:minPinLength: true, webauthn:extension:prf: true, webauthn:virtualAuthenticators: true}
Session ID: bcbeb8881c11b92f43992c1cfde66aed
at org.openqa.selenium.support.ui.WebDriverWait.timeoutException(WebDriverWait.java:87)
at org.openqa.selenium.support.ui.FluentWait.until(FluentWait.java:231)
at com.evaa.chatbot.bookappointment.Book_appointment_with_insurance_Test.verify_detail_on_maximeyes_site(Book_appointment_with_insurance_Test.java:170)
at java.base/jdk.internal.reflect.DirectMethodHandleAccessor.invoke(DirectMethodHandleAccessor.java:103)
at java.base/java.lang.reflect.Method.invoke(Method.java:580)
at org.testng.internal.MethodInvocationHelper.invokeMethod(MethodInvocationHelper.java:133)
at org.testng.internal.TestInvoker.invokeMethod(TestInvoker.java:598)
at org.testng.internal.TestInvoker.invokeTestMethod(TestInvoker.java:173)
at org.testng.internal.MethodRunner.runInSequence(MethodRunner.java:46)
at org.testng.internal.TestInvoker$MethodInvocationAgent.invoke(TestInvoker.java:824)
at org.testng.internal.TestInvoker.invokeTestMethods(TestInvoker.java:146)
at org.testng.internal.TestMethodWorker.invokeTestMethods(TestMethodWorker.java:146)
at org.testng.internal.TestMethodWorker.run(TestMethodWorker.java:128)
at java.base/java.util.ArrayList.forEach(ArrayList.java:1596)
at org.testng.TestRunner.privateRun(TestRunner.java:794)
at org.testng.TestRunner.run(TestRunner.java:596)
at org.testng.SuiteRunner.runTest(SuiteRunner.java:377)
at org.testng.SuiteRunner.runSequentially(SuiteRunner.java:371)
at org.testng.SuiteRunner.privateRun(SuiteRunner.java:332)
at org.testng.SuiteRunner.run(SuiteRunner.java:276)
at org.testng.SuiteRunnerWorker.runSuite(SuiteRunnerWorker.java:53)
at org.testng.SuiteRunnerWorker.run(SuiteRunnerWorker.java:96)
at org.testng.TestNG.runSuitesSequentially(TestNG.java:1212)
at org.testng.TestNG.runSuitesLocally(TestNG.java:1134)
at org.testng.TestNG.runSuites(TestNG.java:1063)
at org.testng.TestNG.run(TestNG.java:1031)
at org.testng.remote.AbstractRemoteTestNG.run(AbstractRemoteTestNG.java:115)
at org.testng.remote.RemoteTestNG.initAndRun(RemoteTestNG.java:293)
at org.testng.remote.RemoteTestNG.main(RemoteTestNG.java:91)
]]>
            </full-stacktrace>
          </exception> <!-- org.openqa.selenium.TimeoutException -->
          <reporter-output>
          </reporter-output>
        </test-method> <!-- verify_detail_on_maximeyes_site -->
        <test-method is-config="true" signature="tearDown(org.testng.ITestResult)[pri:0, instance:com.evaa.chatbot.bookappointment.Book_appointment_with_insurance_Test@1046498a]" started-at="2025-05-23T17:54:33 IST" name="tearDown" finished-at="2025-05-23T17:54:33 IST" duration-ms="155" status="PASS">
          <params>
            <param index="0">
              <value>
                <![CDATA[[TestResult name=verify_detail_on_maximeyes_site status=FAILURE method=Book_appointment_with_insurance_Test.verify_detail_on_maximeyes_site()[pri:3, instance:com.evaa.chatbot.bookappointment.Book_appointment_with_insurance_Test@1046498a] output={null}]]]>
              </value>
            </param>
          </params>
          <reporter-output>
          </reporter-output>
        </test-method> <!-- tearDown -->
        <test-method is-config="true" signature="closeBrowser()[pri:0, instance:com.evaa.chatbot.bookappointment.Book_appointment_with_insurance_Test@1046498a]" started-at="2025-05-23T17:54:33 IST" name="closeBrowser" finished-at="2025-05-23T17:54:34 IST" duration-ms="831" status="PASS">
          <reporter-output>
          </reporter-output>
        </test-method> <!-- closeBrowser -->
      </class> <!-- com.evaa.chatbot.bookappointment.Book_appointment_with_insurance_Test -->
    </test> <!-- Test -->
  </suite> <!-- Suite -->
</testng-results>
