<?xml version="1.0" encoding="UTF-8"?>
<testng-results ignored="3" total="4" passed="1" failed="0" skipped="0">
  <reporter-output>
  </reporter-output>
  <suite started-at="2025-06-05T11:35:05 IST" name="Default suite" finished-at="2025-06-05T11:35:41 IST" duration-ms="35705">
    <groups>
    </groups>
    <test started-at="2025-06-05T11:35:05 IST" name="Default test" finished-at="2025-06-05T11:35:41 IST" duration-ms="35705">
      <class name="com.evaa.chatbot.AppointmentCancelTest">
        <test-method is-config="true" signature="startBrowser()[pri:0, instance:com.evaa.chatbot.AppointmentCancelTest@61ecbee9]" started-at="2025-06-05T11:35:05 IST" name="startBrowser" finished-at="2025-06-05T11:35:07 IST" duration-ms="2006" status="PASS">
          <reporter-output>
          </reporter-output>
        </test-method> <!-- startBrowser -->
        <test-method is-config="true" signature="setUp(java.lang.reflect.Method)[pri:0, instance:com.evaa.chatbot.AppointmentCancelTest@61ecbee9]" started-at="2025-06-05T11:35:07 IST" name="setUp" finished-at="2025-06-05T11:35:07 IST" duration-ms="4" status="PASS">
          <params>
            <param index="0">
              <value>
                <![CDATA[public void com.evaa.chatbot.AppointmentCancelTest.Test_appointment_cancel_for_new_patient() throws java.lang.Exception]]>
              </value>
            </param>
          </params>
          <reporter-output>
          </reporter-output>
        </test-method> <!-- setUp -->
        <test-method signature="Test_appointment_cancel_for_new_patient()[pri:4, instance:com.evaa.chatbot.AppointmentCancelTest@61ecbee9]" started-at="2025-06-05T11:35:07 IST" name="Test_appointment_cancel_for_new_patient" finished-at="2025-06-05T11:35:40 IST" duration-ms="32814" status="PASS">
          <reporter-output>
          </reporter-output>
        </test-method> <!-- Test_appointment_cancel_for_new_patient -->
        <test-method is-config="true" signature="tearDown(org.testng.ITestResult)[pri:0, instance:com.evaa.chatbot.AppointmentCancelTest@61ecbee9]" started-at="2025-06-05T11:35:40 IST" name="tearDown" finished-at="2025-06-05T11:35:40 IST" duration-ms="3" status="PASS">
          <params>
            <param index="0">
              <value>
                <![CDATA[[TestResult name=Test_appointment_cancel_for_new_patient status=SUCCESS method=AppointmentCancelTest.Test_appointment_cancel_for_new_patient()[pri:4, instance:com.evaa.chatbot.AppointmentCancelTest@61ecbee9] output={null}]]]>
              </value>
            </param>
          </params>
          <reporter-output>
          </reporter-output>
        </test-method> <!-- tearDown -->
        <test-method is-config="true" signature="closeBrowser()[pri:0, instance:com.evaa.chatbot.AppointmentCancelTest@61ecbee9]" started-at="2025-06-05T11:35:40 IST" name="closeBrowser" finished-at="2025-06-05T11:35:41 IST" duration-ms="854" status="PASS">
          <reporter-output>
          </reporter-output>
        </test-method> <!-- closeBrowser -->
      </class> <!-- com.evaa.chatbot.AppointmentCancelTest -->
    </test> <!-- Default test -->
  </suite> <!-- Default suite -->
</testng-results>
